*** Using Compiler 'V6.21', folder: 'D:\tools\Keil\ARM\ARMCLANG\Bin'
Build target 'testa1'
compiling module_chassis.c...
compiling app_init.c...
compiling app_communicate.c...
compiling util_can.c...
compiling comm_receive.c...
compiling lib_gif.c...
compiling lib_font.c...
compiling periph_dt35.c...
compiling lib_delay.c...
compiling lib_list.c...
compiling lib_music.c...
compiling lib_buff.c...
compiling sys_const.c...
compiling periph_remote.c...
compiling app_chassis.c...
compiling util_gpio.c...
compiling sys_dwt.c...
compiling app_gimbal.c...
compiling module_platform.c...
compiling periph_motor.c...
compiling app_platform.c...
compiling comm_common.c...
compiling comm_transmit.c...
compiling app_remote.c...
compiling util_uart.c...
compiling lib_queue.c...
compiling lib_str.c...
compiling alg_crc.c...
compiling lib_tree.c...
compiling alg_filter.c...
compiling alg_kalman.c...
compiling alg_math.c...
compiling alg_pid.c...
compiling main.c...
compiling gpio.c...
compiling freertos.c...
compiling can.c...
compiling dma.c...
compiling usart.c...
compiling stm32f4xx_it.c...
compiling stm32f4xx_hal_msp.c...
compiling stm32f4xx_hal_timebase_tim.c...
compiling stm32f4xx_hal_tim_ex.c...
compiling stm32f4xx_hal_can.c...
compiling stm32f4xx_hal_tim.c...
compiling stm32f4xx_hal_rcc.c...
compiling stm32f4xx_hal_rcc_ex.c...
compiling stm32f4xx_hal_flash.c...
compiling stm32f4xx_hal_flash_ex.c...
compiling stm32f4xx_hal_flash_ramfunc.c...
compiling stm32f4xx_hal_gpio.c...
compiling stm32f4xx_hal_dma_ex.c...
compiling stm32f4xx_hal_dma.c...
compiling stm32f4xx_hal_pwr.c...
compiling stm32f4xx_hal_pwr_ex.c...
compiling stm32f4xx_hal_cortex.c...
compiling stm32f4xx_hal.c...
compiling stm32f4xx_hal_exti.c...
compiling system_stm32f4xx.c...
compiling stm32f4xx_hal_uart.c...
compiling croutine.c...
compiling event_groups.c...
compiling list.c...
compiling queue.c...
compiling stream_buffer.c...
assembling startup_stm32f427xx.s...
compiling tasks.c...
compiling timers.c...
compiling heap_4.c...
compiling port.c...
compiling cmsis_os.c...
linking...
Program Size: Code=53388 RO-data=4744 RW-data=80 ZI-data=46312  
FromELF: creating hex file...
"testa1\testa1.axf" - 0 Error(s), 0 Warning(s).
Build Time Elapsed:  00:00:03
